{"C:\\Users\\carro\\OneDrive\\Skrivbord\\Testning\\Inlämningsuppgift 2\\testing-CarolineAlmgren\\src\\ts\\createHtml.ts": {"path":"C:\\Users\\carro\\OneDrive\\Skrivbord\\Testning\\Inlämningsuppgift 2\\testing-CarolineAlmgren\\src\\ts\\createHtml.ts","statementMap":{"0":{"start":{"line":3,"column":26},"end":{"line":19,"column":3}},"1":{"start":{"line":4,"column":4},"end":{"line":18,"column":5}},"2":{"start":{"line":4,"column":17},"end":{"line":4,"column":18}},"3":{"start":{"line":5,"column":18},"end":{"line":5,"column":47}},"4":{"start":{"line":6,"column":18},"end":{"line":6,"column":46}},"5":{"start":{"line":7,"column":16},"end":{"line":7,"column":45}},"6":{"start":{"line":9,"column":6},"end":{"line":9,"column":35}},"7":{"start":{"line":10,"column":6},"end":{"line":10,"column":40}},"8":{"start":{"line":11,"column":6},"end":{"line":11,"column":33}},"9":{"start":{"line":12,"column":6},"end":{"line":12,"column":32}},"10":{"start":{"line":14,"column":6},"end":{"line":14,"column":31}},"11":{"start":{"line":15,"column":6},"end":{"line":15,"column":29}},"12":{"start":{"line":17,"column":6},"end":{"line":17,"column":35}},"13":{"start":{"line":3,"column":13},"end":{"line":3,"column":26}}},"fnMap":{"0":{"name":"(anonymous_0)","decl":{"start":{"line":3,"column":26},"end":{"line":3,"column":27}},"loc":{"start":{"line":3,"column":74},"end":{"line":19,"column":3}}}},"branchMap":{},"s":{"0":3,"1":2,"2":2,"3":4,"4":4,"5":4,"6":4,"7":4,"8":4,"9":4,"10":4,"11":4,"12":4,"13":3},"f":{"0":2},"b":{}}
,"C:\\Users\\carro\\OneDrive\\Skrivbord\\Testning\\Inlämningsuppgift 2\\testing-CarolineAlmgren\\src\\ts\\functions.ts": {"path":"C:\\Users\\carro\\OneDrive\\Skrivbord\\Testning\\Inlämningsuppgift 2\\testing-CarolineAlmgren\\src\\ts\\functions.ts","statementMap":{"0":{"start":{"line":3,"column":25},"end":{"line":17,"column":1}},"1":{"start":{"line":4,"column":2},"end":{"line":16,"column":5}},"2":{"start":{"line":5,"column":4},"end":{"line":15,"column":5}},"3":{"start":{"line":6,"column":6},"end":{"line":6,"column":38}},"4":{"start":{"line":6,"column":29},"end":{"line":6,"column":38}},"5":{"start":{"line":7,"column":6},"end":{"line":7,"column":39}},"6":{"start":{"line":7,"column":29},"end":{"line":7,"column":39}},"7":{"start":{"line":9,"column":6},"end":{"line":9,"column":15}},"8":{"start":{"line":11,"column":6},"end":{"line":11,"column":39}},"9":{"start":{"line":11,"column":29},"end":{"line":11,"column":39}},"10":{"start":{"line":12,"column":6},"end":{"line":12,"column":38}},"11":{"start":{"line":12,"column":29},"end":{"line":12,"column":38}},"12":{"start":{"line":14,"column":6},"end":{"line":14,"column":15}},"13":{"start":{"line":3,"column":13},"end":{"line":3,"column":25}}},"fnMap":{"0":{"name":"(anonymous_0)","decl":{"start":{"line":3,"column":25},"end":{"line":3,"column":26}},"loc":{"start":{"line":3,"column":68},"end":{"line":17,"column":1}}},"1":{"name":"(anonymous_1)","decl":{"start":{"line":4,"column":21},"end":{"line":4,"column":22}},"loc":{"start":{"line":4,"column":46},"end":{"line":16,"column":3}}}},"branchMap":{"0":{"loc":{"start":{"line":3,"column":44},"end":{"line":3,"column":64}},"type":"default-arg","locations":[{"start":{"line":3,"column":60},"end":{"line":3,"column":64}}]},"1":{"loc":{"start":{"line":5,"column":4},"end":{"line":15,"column":5}},"type":"if","locations":[{"start":{"line":5,"column":4},"end":{"line":15,"column":5}},{"start":{"line":10,"column":11},"end":{"line":15,"column":5}}]},"2":{"loc":{"start":{"line":6,"column":6},"end":{"line":6,"column":38}},"type":"if","locations":[{"start":{"line":6,"column":6},"end":{"line":6,"column":38}}]},"3":{"loc":{"start":{"line":7,"column":6},"end":{"line":7,"column":39}},"type":"if","locations":[{"start":{"line":7,"column":6},"end":{"line":7,"column":39}}]},"4":{"loc":{"start":{"line":11,"column":6},"end":{"line":11,"column":39}},"type":"if","locations":[{"start":{"line":11,"column":6},"end":{"line":11,"column":39}}]},"5":{"loc":{"start":{"line":12,"column":6},"end":{"line":12,"column":38}},"type":"if","locations":[{"start":{"line":12,"column":6},"end":{"line":12,"column":38}}]}},"s":{"0":1,"1":5,"2":8,"3":7,"4":4,"5":3,"6":3,"7":0,"8":1,"9":1,"10":0,"11":0,"12":0,"13":1},"f":{"0":5,"1":8},"b":{"0":[3],"1":[7,1],"2":[4],"3":[3],"4":[1],"5":[0]}}
,"C:\\Users\\carro\\OneDrive\\Skrivbord\\Testning\\Inlämningsuppgift 2\\testing-CarolineAlmgren\\src\\ts\\handleSubmit.ts": {"path":"C:\\Users\\carro\\OneDrive\\Skrivbord\\Testning\\Inlämningsuppgift 2\\testing-CarolineAlmgren\\src\\ts\\handleSubmit.ts","statementMap":{"0":{"start":{"line":1,"column":0},"end":{"line":1,"column":49}},"1":{"start":{"line":2,"column":0},"end":{"line":2,"column":42}},"2":{"start":{"line":3,"column":0},"end":{"line":3,"column":45}},"3":{"start":{"line":6,"column":22},"end":{"line":7,"column":10}},"4":{"start":{"line":9,"column":36},"end":{"line":9,"column":96}},"5":{"start":{"line":10,"column":4},"end":{"line":10,"column":29}},"6":{"start":{"line":12,"column":4},"end":{"line":22,"column":5}},"7":{"start":{"line":13,"column":18},"end":{"line":13,"column":43}},"8":{"start":{"line":15,"column":6},"end":{"line":19,"column":7}},"9":{"start":{"line":16,"column":8},"end":{"line":16,"column":38}},"10":{"start":{"line":18,"column":8},"end":{"line":18,"column":35}},"11":{"start":{"line":21,"column":6},"end":{"line":21,"column":33}},"12":{"start":{"line":5,"column":0},"end":{"line":5,"column":7}}},"fnMap":{"0":{"name":"handleSubmit","decl":{"start":{"line":5,"column":22},"end":{"line":5,"column":34}},"loc":{"start":{"line":5,"column":34},"end":{"line":23,"column":3}}}},"branchMap":{"0":{"loc":{"start":{"line":15,"column":6},"end":{"line":19,"column":7}},"type":"if","locations":[{"start":{"line":15,"column":6},"end":{"line":19,"column":7}},{"start":{"line":17,"column":13},"end":{"line":19,"column":7}}]}},"s":{"0":2,"1":2,"2":2,"3":1,"4":1,"5":1,"6":1,"7":1,"8":1,"9":1,"10":0,"11":0,"12":2},"f":{"0":1},"b":{"0":[1,0]}}
,"C:\\Users\\carro\\OneDrive\\Skrivbord\\Testning\\Inlämningsuppgift 2\\testing-CarolineAlmgren\\src\\ts\\movieApp.ts": {"path":"C:\\Users\\carro\\OneDrive\\Skrivbord\\Testning\\Inlämningsuppgift 2\\testing-CarolineAlmgren\\src\\ts\\movieApp.ts","statementMap":{"0":{"start":{"line":2,"column":0},"end":{"line":2,"column":46}},"1":{"start":{"line":7,"column":20},"end":{"line":13,"column":1}},"2":{"start":{"line":8,"column":13},"end":{"line":8,"column":69}},"3":{"start":{"line":9,"column":2},"end":{"line":12,"column":5}},"4":{"start":{"line":10,"column":4},"end":{"line":10,"column":23}},"5":{"start":{"line":11,"column":4},"end":{"line":11,"column":19}},"6":{"start":{"line":7,"column":13},"end":{"line":7,"column":20}},"7":{"start":{"line":17,"column":31},"end":{"line":23,"column":1}},"8":{"start":{"line":18,"column":18},"end":{"line":18,"column":45}},"9":{"start":{"line":20,"column":2},"end":{"line":20,"column":52}},"10":{"start":{"line":22,"column":2},"end":{"line":22,"column":35}},"11":{"start":{"line":17,"column":13},"end":{"line":17,"column":31}}},"fnMap":{"0":{"name":"(anonymous_0)","decl":{"start":{"line":7,"column":20},"end":{"line":7,"column":25}},"loc":{"start":{"line":7,"column":31},"end":{"line":13,"column":1}}},"1":{"name":"(anonymous_1)","decl":{"start":{"line":9,"column":34},"end":{"line":9,"column":35}},"loc":{"start":{"line":9,"column":53},"end":{"line":12,"column":3}}},"2":{"name":"(anonymous_2)","decl":{"start":{"line":17,"column":31},"end":{"line":17,"column":32}},"loc":{"start":{"line":17,"column":61},"end":{"line":23,"column":1}}}},"branchMap":{},"s":{"0":2,"1":2,"2":1,"3":1,"4":0,"5":0,"6":2,"7":2,"8":1,"9":1,"10":1,"11":2},"f":{"0":1,"1":0,"2":1},"b":{}}
,"C:\\Users\\carro\\OneDrive\\Skrivbord\\Testning\\Inlämningsuppgift 2\\testing-CarolineAlmgren\\src\\ts\\services\\movieService.ts": {"path":"C:\\Users\\carro\\OneDrive\\Skrivbord\\Testning\\Inlämningsuppgift 2\\testing-CarolineAlmgren\\src\\ts\\services\\movieService.ts","statementMap":{"0":{"start":{"line":3,"column":0},"end":{"line":3,"column":26}},"1":{"start":{"line":5,"column":23},"end":{"line":14,"column":1}},"2":{"start":{"line":6,"column":2},"end":{"line":13,"column":7}},"3":{"start":{"line":9,"column":6},"end":{"line":9,"column":30}},"4":{"start":{"line":12,"column":6},"end":{"line":12,"column":16}},"5":{"start":{"line":5,"column":13},"end":{"line":5,"column":23}}},"fnMap":{"0":{"name":"(anonymous_1)","decl":{"start":{"line":5,"column":23},"end":{"line":5,"column":28}},"loc":{"start":{"line":5,"column":71},"end":{"line":14,"column":1}}},"1":{"name":"(anonymous_2)","decl":{"start":{"line":8,"column":10},"end":{"line":8,"column":11}},"loc":{"start":{"line":8,"column":19},"end":{"line":10,"column":5}}},"2":{"name":"(anonymous_3)","decl":{"start":{"line":11,"column":11},"end":{"line":11,"column":14}},"loc":{"start":{"line":11,"column":16},"end":{"line":13,"column":5}}}},"branchMap":{},"s":{"0":1,"1":1,"2":2,"3":1,"4":1,"5":1},"f":{"0":2,"1":1,"2":1},"b":{}}
}
