TN:
SF:src\ts\createHtml.ts
FN:3,(anonymous_0)
FNF:1
FNH:1
FNDA:2,(anonymous_0)
DA:3,3
DA:4,2
DA:5,4
DA:6,4
DA:7,4
DA:9,4
DA:10,4
DA:11,4
DA:12,4
DA:14,4
DA:15,4
DA:17,4
LF:12
LH:12
BRF:0
BRH:0
end_of_record
TN:
SF:src\ts\functions.ts
FN:3,(anonymous_0)
FN:4,(anonymous_1)
FNF:2
FNH:2
FNDA:5,(anonymous_0)
FNDA:8,(anonymous_1)
DA:3,1
DA:4,5
DA:5,8
DA:6,7
DA:7,3
DA:9,0
DA:11,1
DA:12,0
DA:14,0
LF:9
LH:6
BRDA:3,0,0,3
BRDA:5,1,0,7
BRDA:5,1,1,1
BRDA:6,2,0,4
BRDA:7,3,0,3
BRDA:11,4,0,1
BRDA:12,5,0,0
BRF:7
BRH:6
end_of_record
TN:
SF:src\ts\handleSubmit.ts
FN:5,handleSubmit
FNF:1
FNH:1
FNDA:1,handleSubmit
DA:1,2
DA:2,2
DA:3,2
DA:5,2
DA:6,1
DA:9,1
DA:10,1
DA:12,1
DA:13,1
DA:15,1
DA:16,1
DA:18,0
DA:21,0
LF:13
LH:11
BRDA:15,0,0,1
BRDA:15,0,1,0
BRF:2
BRH:1
end_of_record
TN:
SF:src\ts\movieApp.ts
FN:7,(anonymous_0)
FN:9,(anonymous_1)
FN:17,(anonymous_2)
FNF:3
FNH:2
FNDA:1,(anonymous_0)
FNDA:0,(anonymous_1)
FNDA:1,(anonymous_2)
DA:2,2
DA:7,2
DA:8,1
DA:9,1
DA:10,0
DA:11,0
DA:17,2
DA:18,1
DA:20,1
DA:22,1
LF:10
LH:8
BRF:0
BRH:0
end_of_record
TN:
SF:src\ts\services\movieService.ts
FN:5,(anonymous_1)
FN:8,(anonymous_2)
FN:11,(anonymous_3)
FNF:3
FNH:3
FNDA:2,(anonymous_1)
FNDA:1,(anonymous_2)
FNDA:1,(anonymous_3)
DA:3,1
DA:5,1
DA:6,2
DA:9,1
DA:12,1
LF:5
LH:5
BRF:0
BRH:0
end_of_record
