TN:
SF:src\ts\functions.ts
FN:3,(anonymous_0)
FN:4,(anonymous_1)
FNF:2
FNH:2
FNDA:2,(anonymous_0)
FNDA:1,(anonymous_1)
DA:3,1
DA:4,2
DA:5,1
DA:6,1
DA:7,0
DA:9,0
DA:11,0
DA:12,0
DA:14,0
LF:9
LH:4
BRDA:3,0,0,1
BRDA:5,1,0,1
BRDA:5,1,1,0
BRDA:6,2,0,1
BRDA:7,3,0,0
BRDA:11,4,0,0
BRDA:12,5,0,0
BRF:7
BRH:3
end_of_record
TN:
SF:src\ts\movieApp.ts
FN:6,(anonymous_0)
FN:8,(anonymous_1)
FN:14,handleSubmit
FN:34,(anonymous_3)
FN:52,(anonymous_4)
FNF:5
FNH:4
FNDA:1,(anonymous_0)
FNDA:0,(anonymous_1)
FNDA:1,handleSubmit
FNDA:1,(anonymous_3)
FNDA:2,(anonymous_4)
DA:2,3
DA:4,3
DA:6,3
DA:7,1
DA:8,1
DA:9,0
DA:10,0
DA:14,3
DA:15,1
DA:18,1
DA:19,1
DA:21,1
DA:22,1
DA:24,0
DA:25,0
DA:27,0
DA:30,1
DA:34,3
DA:35,1
DA:36,2
DA:37,2
DA:38,2
DA:40,2
DA:41,2
DA:42,2
DA:43,2
DA:45,2
DA:46,2
DA:48,2
DA:52,3
DA:53,2
DA:55,2
DA:57,2
LF:33
LH:28
BRDA:24,0,0,0
BRDA:24,0,1,0
BRF:2
BRH:0
end_of_record
TN:
SF:src\ts\services\movieService.ts
FN:5,(anonymous_1)
FN:8,(anonymous_2)
FN:11,(anonymous_3)
FNF:3
FNH:0
FNDA:0,(anonymous_1)
FNDA:0,(anonymous_2)
FNDA:0,(anonymous_3)
DA:3,1
DA:5,1
DA:6,0
DA:9,0
DA:12,0
LF:5
LH:2
BRF:0
BRH:0
end_of_record
